<!DOCTYPE html>
<html>
<head>
<meta http-equiv="Content-Type" content="text/html; charset=utf-8"/>
<meta http-equiv="x-ua-compatible" content="IE=edge"/>
<title>Test results - Class Home Portal Publico</title>
<link href="../css/base-style.css" rel="stylesheet" type="text/css"/>
<link href="../css/style.css" rel="stylesheet" type="text/css"/>
<script src="../js/report.js" type="text/javascript"></script>
</head>
<body>
<div id="content">
<h1>Class Home Portal Publico</h1>
<div class="breadcrumbs">
<a href="../index.html">all</a> &gt; 
<a href="../packages/default-package.html">default-package</a> &gt; Home Portal Publico</div>
<div id="summary">
<table>
<tr>
<td>
<div class="summaryGroup">
<table>
<tr>
<td>
<div class="infoBox" id="tests">
<div class="counter">21</div>
<p>tests</p>
</div>
</td>
<td>
<div class="infoBox" id="failures">
<div class="counter">21</div>
<p>failures</p>
</div>
</td>
<td>
<div class="infoBox" id="ignored">
<div class="counter">0</div>
<p>ignored</p>
</div>
</td>
<td>
<div class="infoBox" id="duration">
<div class="counter">0.805s</div>
<p>duration</p>
</div>
</td>
</tr>
</table>
</div>
</td>
<td>
<div class="infoBox failures" id="successRate">
<div class="percent">0%</div>
<p>successful</p>
</div>
</td>
</tr>
</table>
</div>
<div id="tabs">
<ul class="tabLinks">
<li>
<a href="#tab0">Failed tests</a>
</li>
<li>
<a href="#tab1">Tests</a>
</li>
</ul>
<div id="tab0" class="tab">
<h2>Failed tests</h2>
<div class="test">
<a name="VValidar funcion Tenemos lo que necesitas Wix"></a>
<h3 class="failures">VValidar funcion Tenemos lo que necesitas Wix</h3>
<span class="code">
<pre>java.lang.IllegalStateException: The driver executable does not exist: /Users/diego/Selenium/Trabajo Cucumber /TrabajoS3_Jarasrc/test/resources/driver/chromedriver
	at com.google.common.base.Preconditions.checkState(Preconditions.java:585)
	at org.openqa.selenium.remote.service.DriverService.checkExecutable(DriverService.java:146)
	at org.openqa.selenium.remote.service.DriverService.findExecutable(DriverService.java:141)
	at org.openqa.selenium.chrome.ChromeDriverService.access$000(ChromeDriverService.java:35)
	at org.openqa.selenium.chrome.ChromeDriverService$Builder.findDefaultExecutable(ChromeDriverService.java:159)
	at org.openqa.selenium.remote.service.DriverService$Builder.build(DriverService.java:355)
	at org.openqa.selenium.chrome.ChromeDriverService.createDefaultService(ChromeDriverService.java:94)
	at org.openqa.selenium.chrome.ChromeDriver.&lt;init&gt;(ChromeDriver.java:123)
	at seleniumgluecode.StepDefinitions.Se_abre_portal_publico_navegador_Google_Chrome(StepDefinitions.java:24)
	at ✽.Se abre portal publico en navegador Google Chrome(file:///Users/diego/Selenium/Trabajo%20Cucumber%20/TrabajoS3_Jara/src/test/java/features/Home.feature:101)
</pre>
</span>
</div>
<div class="test">
<a name="Validar Funcion Banner Home 1"></a>
<h3 class="failures">Validar Funcion Banner Home 1</h3>
<span class="code">
<pre>java.lang.IllegalStateException: The driver executable does not exist: /Users/diego/Selenium/Trabajo Cucumber /TrabajoS3_Jarasrc/test/resources/driver/chromedriver
	at com.google.common.base.Preconditions.checkState(Preconditions.java:585)
	at org.openqa.selenium.remote.service.DriverService.checkExecutable(DriverService.java:146)
	at org.openqa.selenium.remote.service.DriverService.findExecutable(DriverService.java:141)
	at org.openqa.selenium.chrome.ChromeDriverService.access$000(ChromeDriverService.java:35)
	at org.openqa.selenium.chrome.ChromeDriverService$Builder.findDefaultExecutable(ChromeDriverService.java:159)
	at org.openqa.selenium.remote.service.DriverService$Builder.build(DriverService.java:355)
	at org.openqa.selenium.chrome.ChromeDriverService.createDefaultService(ChromeDriverService.java:94)
	at org.openqa.selenium.chrome.ChromeDriver.&lt;init&gt;(ChromeDriver.java:123)
	at seleniumgluecode.StepDefinitions.Se_abre_portal_publico_navegador_Google_Chrome(StepDefinitions.java:24)
	at ✽.Se abre portal publico en navegador Google Chrome(file:///Users/diego/Selenium/Trabajo%20Cucumber%20/TrabajoS3_Jara/src/test/java/features/Home.feature:18)
</pre>
</span>
</div>
<div class="test">
<a name="Validar Funcion Banner Home 2"></a>
<h3 class="failures">Validar Funcion Banner Home 2</h3>
<span class="code">
<pre>java.lang.IllegalStateException: The driver executable does not exist: /Users/diego/Selenium/Trabajo Cucumber /TrabajoS3_Jarasrc/test/resources/driver/chromedriver
	at com.google.common.base.Preconditions.checkState(Preconditions.java:585)
	at org.openqa.selenium.remote.service.DriverService.checkExecutable(DriverService.java:146)
	at org.openqa.selenium.remote.service.DriverService.findExecutable(DriverService.java:141)
	at org.openqa.selenium.chrome.ChromeDriverService.access$000(ChromeDriverService.java:35)
	at org.openqa.selenium.chrome.ChromeDriverService$Builder.findDefaultExecutable(ChromeDriverService.java:159)
	at org.openqa.selenium.remote.service.DriverService$Builder.build(DriverService.java:355)
	at org.openqa.selenium.chrome.ChromeDriverService.createDefaultService(ChromeDriverService.java:94)
	at org.openqa.selenium.chrome.ChromeDriver.&lt;init&gt;(ChromeDriver.java:123)
	at seleniumgluecode.StepDefinitions.Se_abre_portal_publico_navegador_Google_Chrome(StepDefinitions.java:24)
	at ✽.Se abre portal publico en navegador Google Chrome(file:///Users/diego/Selenium/Trabajo%20Cucumber%20/TrabajoS3_Jara/src/test/java/features/Home.feature:23)
</pre>
</span>
</div>
<div class="test">
<a name="Validar Funcion Banner Home 3"></a>
<h3 class="failures">Validar Funcion Banner Home 3</h3>
<span class="code">
<pre>java.lang.IllegalStateException: The driver executable does not exist: /Users/diego/Selenium/Trabajo Cucumber /TrabajoS3_Jarasrc/test/resources/driver/chromedriver
	at com.google.common.base.Preconditions.checkState(Preconditions.java:585)
	at org.openqa.selenium.remote.service.DriverService.checkExecutable(DriverService.java:146)
	at org.openqa.selenium.remote.service.DriverService.findExecutable(DriverService.java:141)
	at org.openqa.selenium.chrome.ChromeDriverService.access$000(ChromeDriverService.java:35)
	at org.openqa.selenium.chrome.ChromeDriverService$Builder.findDefaultExecutable(ChromeDriverService.java:159)
	at org.openqa.selenium.remote.service.DriverService$Builder.build(DriverService.java:355)
	at org.openqa.selenium.chrome.ChromeDriverService.createDefaultService(ChromeDriverService.java:94)
	at org.openqa.selenium.chrome.ChromeDriver.&lt;init&gt;(ChromeDriver.java:123)
	at seleniumgluecode.StepDefinitions.Se_abre_portal_publico_navegador_Google_Chrome(StepDefinitions.java:24)
	at ✽.Se abre portal publico en navegador Google Chrome(file:///Users/diego/Selenium/Trabajo%20Cucumber%20/TrabajoS3_Jara/src/test/java/features/Home.feature:28)
</pre>
</span>
</div>
<div class="test">
<a name="Validar Seccion descarga la app Apple store"></a>
<h3 class="failures">Validar Seccion descarga la app Apple store</h3>
<span class="code">
<pre>java.lang.IllegalStateException: The driver executable does not exist: /Users/diego/Selenium/Trabajo Cucumber /TrabajoS3_Jarasrc/test/resources/driver/chromedriver
	at com.google.common.base.Preconditions.checkState(Preconditions.java:585)
	at org.openqa.selenium.remote.service.DriverService.checkExecutable(DriverService.java:146)
	at org.openqa.selenium.remote.service.DriverService.findExecutable(DriverService.java:141)
	at org.openqa.selenium.chrome.ChromeDriverService.access$000(ChromeDriverService.java:35)
	at org.openqa.selenium.chrome.ChromeDriverService$Builder.findDefaultExecutable(ChromeDriverService.java:159)
	at org.openqa.selenium.remote.service.DriverService$Builder.build(DriverService.java:355)
	at org.openqa.selenium.chrome.ChromeDriverService.createDefaultService(ChromeDriverService.java:94)
	at org.openqa.selenium.chrome.ChromeDriver.&lt;init&gt;(ChromeDriver.java:123)
	at seleniumgluecode.StepDefinitions.Se_abre_portal_publico_navegador_Google_Chrome(StepDefinitions.java:24)
	at ✽.Se abre portal publico en navegador Google Chrome(file:///Users/diego/Selenium/Trabajo%20Cucumber%20/TrabajoS3_Jara/src/test/java/features/Home.feature:81)
</pre>
</span>
</div>
<div class="test">
<a name="Validar Seccion descarga la app google Play"></a>
<h3 class="failures">Validar Seccion descarga la app google Play</h3>
<span class="code">
<pre>java.lang.IllegalStateException: The driver executable does not exist: /Users/diego/Selenium/Trabajo Cucumber /TrabajoS3_Jarasrc/test/resources/driver/chromedriver
	at com.google.common.base.Preconditions.checkState(Preconditions.java:585)
	at org.openqa.selenium.remote.service.DriverService.checkExecutable(DriverService.java:146)
	at org.openqa.selenium.remote.service.DriverService.findExecutable(DriverService.java:141)
	at org.openqa.selenium.chrome.ChromeDriverService.access$000(ChromeDriverService.java:35)
	at org.openqa.selenium.chrome.ChromeDriverService$Builder.findDefaultExecutable(ChromeDriverService.java:159)
	at org.openqa.selenium.remote.service.DriverService$Builder.build(DriverService.java:355)
	at org.openqa.selenium.chrome.ChromeDriverService.createDefaultService(ChromeDriverService.java:94)
	at org.openqa.selenium.chrome.ChromeDriver.&lt;init&gt;(ChromeDriver.java:123)
	at seleniumgluecode.StepDefinitions.Se_abre_portal_publico_navegador_Google_Chrome(StepDefinitions.java:24)
	at ✽.Se abre portal publico en navegador Google Chrome(file:///Users/diego/Selenium/Trabajo%20Cucumber%20/TrabajoS3_Jara/src/test/java/features/Home.feature:76)
</pre>
</span>
</div>
<div class="test">
<a name="Validar despliegue landing Hero"></a>
<h3 class="failures">Validar despliegue landing Hero</h3>
<span class="code">
<pre>java.lang.IllegalStateException: The driver executable does not exist: /Users/diego/Selenium/Trabajo Cucumber /TrabajoS3_Jarasrc/test/resources/driver/chromedriver
	at com.google.common.base.Preconditions.checkState(Preconditions.java:585)
	at org.openqa.selenium.remote.service.DriverService.checkExecutable(DriverService.java:146)
	at org.openqa.selenium.remote.service.DriverService.findExecutable(DriverService.java:141)
	at org.openqa.selenium.chrome.ChromeDriverService.access$000(ChromeDriverService.java:35)
	at org.openqa.selenium.chrome.ChromeDriverService$Builder.findDefaultExecutable(ChromeDriverService.java:159)
	at org.openqa.selenium.remote.service.DriverService$Builder.build(DriverService.java:355)
	at org.openqa.selenium.chrome.ChromeDriverService.createDefaultService(ChromeDriverService.java:94)
	at org.openqa.selenium.chrome.ChromeDriver.&lt;init&gt;(ChromeDriver.java:123)
	at seleniumgluecode.StepDefinitions.Se_abre_portal_publico_navegador_Google_Chrome(StepDefinitions.java:24)
	at ✽.Se abre portal publico en navegador Google Chrome(file:///Users/diego/Selenium/Trabajo%20Cucumber%20/TrabajoS3_Jara/src/test/java/features/Home.feature:12)
</pre>
</span>
</div>
<div class="test">
<a name="Validar despliegue seccion Descarga la APP"></a>
<h3 class="failures">Validar despliegue seccion Descarga la APP</h3>
<span class="code">
<pre>java.lang.IllegalStateException: The driver executable does not exist: /Users/diego/Selenium/Trabajo Cucumber /TrabajoS3_Jarasrc/test/resources/driver/chromedriver
	at com.google.common.base.Preconditions.checkState(Preconditions.java:585)
	at org.openqa.selenium.remote.service.DriverService.checkExecutable(DriverService.java:146)
	at org.openqa.selenium.remote.service.DriverService.findExecutable(DriverService.java:141)
	at org.openqa.selenium.chrome.ChromeDriverService.access$000(ChromeDriverService.java:35)
	at org.openqa.selenium.chrome.ChromeDriverService$Builder.findDefaultExecutable(ChromeDriverService.java:159)
	at org.openqa.selenium.remote.service.DriverService$Builder.build(DriverService.java:355)
	at org.openqa.selenium.chrome.ChromeDriverService.createDefaultService(ChromeDriverService.java:94)
	at org.openqa.selenium.chrome.ChromeDriver.&lt;init&gt;(ChromeDriver.java:123)
	at seleniumgluecode.StepDefinitions.Se_abre_portal_publico_navegador_Google_Chrome(StepDefinitions.java:24)
	at ✽.Se abre portal publico en navegador Google Chrome(file:///Users/diego/Selenium/Trabajo%20Cucumber%20/TrabajoS3_Jara/src/test/java/features/Home.feature:72)
</pre>
</span>
</div>
<div class="test">
<a name="Validar despliegue seccion Hero"></a>
<h3 class="failures">Validar despliegue seccion Hero</h3>
<span class="code">
<pre>java.lang.IllegalStateException: The driver executable does not exist: /Users/diego/Selenium/Trabajo Cucumber /TrabajoS3_Jarasrc/test/resources/driver/chromedriver
	at com.google.common.base.Preconditions.checkState(Preconditions.java:585)
	at org.openqa.selenium.remote.service.DriverService.checkExecutable(DriverService.java:146)
	at org.openqa.selenium.remote.service.DriverService.findExecutable(DriverService.java:141)
	at org.openqa.selenium.chrome.ChromeDriverService.access$000(ChromeDriverService.java:35)
	at org.openqa.selenium.chrome.ChromeDriverService$Builder.findDefaultExecutable(ChromeDriverService.java:159)
	at org.openqa.selenium.remote.service.DriverService$Builder.build(DriverService.java:355)
	at org.openqa.selenium.chrome.ChromeDriverService.createDefaultService(ChromeDriverService.java:94)
	at org.openqa.selenium.chrome.ChromeDriver.&lt;init&gt;(ChromeDriver.java:123)
	at seleniumgluecode.StepDefinitions.Se_abre_portal_publico_navegador_Google_Chrome(StepDefinitions.java:24)
	at ✽.Se abre portal publico en navegador Google Chrome(file:///Users/diego/Selenium/Trabajo%20Cucumber%20/TrabajoS3_Jara/src/test/java/features/Home.feature:8)
</pre>
</span>
</div>
<div class="test">
<a name="Validar despliegue seccion Lo que tu negocio Necesita"></a>
<h3 class="failures">Validar despliegue seccion Lo que tu negocio Necesita</h3>
<span class="code">
<pre>java.lang.IllegalStateException: The driver executable does not exist: /Users/diego/Selenium/Trabajo Cucumber /TrabajoS3_Jarasrc/test/resources/driver/chromedriver
	at com.google.common.base.Preconditions.checkState(Preconditions.java:585)
	at org.openqa.selenium.remote.service.DriverService.checkExecutable(DriverService.java:146)
	at org.openqa.selenium.remote.service.DriverService.findExecutable(DriverService.java:141)
	at org.openqa.selenium.chrome.ChromeDriverService.access$000(ChromeDriverService.java:35)
	at org.openqa.selenium.chrome.ChromeDriverService$Builder.findDefaultExecutable(ChromeDriverService.java:159)
	at org.openqa.selenium.remote.service.DriverService$Builder.build(DriverService.java:355)
	at org.openqa.selenium.chrome.ChromeDriverService.createDefaultService(ChromeDriverService.java:94)
	at org.openqa.selenium.chrome.ChromeDriver.&lt;init&gt;(ChromeDriver.java:123)
	at seleniumgluecode.StepDefinitions.Se_abre_portal_publico_navegador_Google_Chrome(StepDefinitions.java:24)
	at ✽.Se abre portal publico en navegador Google Chrome(file:///Users/diego/Selenium/Trabajo%20Cucumber%20/TrabajoS3_Jara/src/test/java/features/Home.feature:87)
</pre>
</span>
</div>
<div class="test">
<a name="Validar despliegue seccion Tu eliges como vender"></a>
<h3 class="failures">Validar despliegue seccion Tu eliges como vender</h3>
<span class="code">
<pre>java.lang.IllegalStateException: The driver executable does not exist: /Users/diego/Selenium/Trabajo Cucumber /TrabajoS3_Jarasrc/test/resources/driver/chromedriver
	at com.google.common.base.Preconditions.checkState(Preconditions.java:585)
	at org.openqa.selenium.remote.service.DriverService.checkExecutable(DriverService.java:146)
	at org.openqa.selenium.remote.service.DriverService.findExecutable(DriverService.java:141)
	at org.openqa.selenium.chrome.ChromeDriverService.access$000(ChromeDriverService.java:35)
	at org.openqa.selenium.chrome.ChromeDriverService$Builder.findDefaultExecutable(ChromeDriverService.java:159)
	at org.openqa.selenium.remote.service.DriverService$Builder.build(DriverService.java:355)
	at org.openqa.selenium.chrome.ChromeDriverService.createDefaultService(ChromeDriverService.java:94)
	at org.openqa.selenium.chrome.ChromeDriver.&lt;init&gt;(ChromeDriver.java:123)
	at seleniumgluecode.StepDefinitions.Se_abre_portal_publico_navegador_Google_Chrome(StepDefinitions.java:24)
	at ✽.Se abre portal publico en navegador Google Chrome(file:///Users/diego/Selenium/Trabajo%20Cucumber%20/TrabajoS3_Jara/src/test/java/features/Home.feature:34)
</pre>
</span>
</div>
<div class="test">
<a name="Validar funcion Tenemos lo que necesitas MobilePos"></a>
<h3 class="failures">Validar funcion Tenemos lo que necesitas MobilePos</h3>
<span class="code">
<pre>java.lang.IllegalStateException: The driver executable does not exist: /Users/diego/Selenium/Trabajo Cucumber /TrabajoS3_Jarasrc/test/resources/driver/chromedriver
	at com.google.common.base.Preconditions.checkState(Preconditions.java:585)
	at org.openqa.selenium.remote.service.DriverService.checkExecutable(DriverService.java:146)
	at org.openqa.selenium.remote.service.DriverService.findExecutable(DriverService.java:141)
	at org.openqa.selenium.chrome.ChromeDriverService.access$000(ChromeDriverService.java:35)
	at org.openqa.selenium.chrome.ChromeDriverService$Builder.findDefaultExecutable(ChromeDriverService.java:159)
	at org.openqa.selenium.remote.service.DriverService$Builder.build(DriverService.java:355)
	at org.openqa.selenium.chrome.ChromeDriverService.createDefaultService(ChromeDriverService.java:94)
	at org.openqa.selenium.chrome.ChromeDriver.&lt;init&gt;(ChromeDriver.java:123)
	at seleniumgluecode.StepDefinitions.Se_abre_portal_publico_navegador_Google_Chrome(StepDefinitions.java:24)
	at ✽.Se abre portal publico en navegador Google Chrome(file:///Users/diego/Selenium/Trabajo%20Cucumber%20/TrabajoS3_Jara/src/test/java/features/Home.feature:91)
</pre>
</span>
</div>
<div class="test">
<a name="Validar funcion Tenemos lo que necesitas PosMovil"></a>
<h3 class="failures">Validar funcion Tenemos lo que necesitas PosMovil</h3>
<span class="code">
<pre>java.lang.IllegalStateException: The driver executable does not exist: /Users/diego/Selenium/Trabajo Cucumber /TrabajoS3_Jarasrc/test/resources/driver/chromedriver
	at com.google.common.base.Preconditions.checkState(Preconditions.java:585)
	at org.openqa.selenium.remote.service.DriverService.checkExecutable(DriverService.java:146)
	at org.openqa.selenium.remote.service.DriverService.findExecutable(DriverService.java:141)
	at org.openqa.selenium.chrome.ChromeDriverService.access$000(ChromeDriverService.java:35)
	at org.openqa.selenium.chrome.ChromeDriverService$Builder.findDefaultExecutable(ChromeDriverService.java:159)
	at org.openqa.selenium.remote.service.DriverService$Builder.build(DriverService.java:355)
	at org.openqa.selenium.chrome.ChromeDriverService.createDefaultService(ChromeDriverService.java:94)
	at org.openqa.selenium.chrome.ChromeDriver.&lt;init&gt;(ChromeDriver.java:123)
	at seleniumgluecode.StepDefinitions.Se_abre_portal_publico_navegador_Google_Chrome(StepDefinitions.java:24)
	at ✽.Se abre portal publico en navegador Google Chrome(file:///Users/diego/Selenium/Trabajo%20Cucumber%20/TrabajoS3_Jara/src/test/java/features/Home.feature:96)
</pre>
</span>
</div>
<div class="test">
<a name="Validar funcion Tenemos lo que necesitas WebpayCL"></a>
<h3 class="failures">Validar funcion Tenemos lo que necesitas WebpayCL</h3>
<span class="code">
<pre>java.lang.IllegalStateException: The driver executable does not exist: /Users/diego/Selenium/Trabajo Cucumber /TrabajoS3_Jarasrc/test/resources/driver/chromedriver
	at com.google.common.base.Preconditions.checkState(Preconditions.java:585)
	at org.openqa.selenium.remote.service.DriverService.checkExecutable(DriverService.java:146)
	at org.openqa.selenium.remote.service.DriverService.findExecutable(DriverService.java:141)
	at org.openqa.selenium.chrome.ChromeDriverService.access$000(ChromeDriverService.java:35)
	at org.openqa.selenium.chrome.ChromeDriverService$Builder.findDefaultExecutable(ChromeDriverService.java:159)
	at org.openqa.selenium.remote.service.DriverService$Builder.build(DriverService.java:355)
	at org.openqa.selenium.chrome.ChromeDriverService.createDefaultService(ChromeDriverService.java:94)
	at org.openqa.selenium.chrome.ChromeDriver.&lt;init&gt;(ChromeDriver.java:123)
	at seleniumgluecode.StepDefinitions.Se_abre_portal_publico_navegador_Google_Chrome(StepDefinitions.java:24)
	at ✽.Se abre portal publico en navegador Google Chrome(file:///Users/diego/Selenium/Trabajo%20Cucumber%20/TrabajoS3_Jara/src/test/java/features/Home.feature:113)
</pre>
</span>
</div>
<div class="test">
<a name="Validar funcion Tenemos lo que necesitas WebpayPlus"></a>
<h3 class="failures">Validar funcion Tenemos lo que necesitas WebpayPlus</h3>
<span class="code">
<pre>java.lang.IllegalStateException: The driver executable does not exist: /Users/diego/Selenium/Trabajo Cucumber /TrabajoS3_Jarasrc/test/resources/driver/chromedriver
	at com.google.common.base.Preconditions.checkState(Preconditions.java:585)
	at org.openqa.selenium.remote.service.DriverService.checkExecutable(DriverService.java:146)
	at org.openqa.selenium.remote.service.DriverService.findExecutable(DriverService.java:141)
	at org.openqa.selenium.chrome.ChromeDriverService.access$000(ChromeDriverService.java:35)
	at org.openqa.selenium.chrome.ChromeDriverService$Builder.findDefaultExecutable(ChromeDriverService.java:159)
	at org.openqa.selenium.remote.service.DriverService$Builder.build(DriverService.java:355)
	at org.openqa.selenium.chrome.ChromeDriverService.createDefaultService(ChromeDriverService.java:94)
	at org.openqa.selenium.chrome.ChromeDriver.&lt;init&gt;(ChromeDriver.java:123)
	at seleniumgluecode.StepDefinitions.Se_abre_portal_publico_navegador_Google_Chrome(StepDefinitions.java:24)
	at ✽.Se abre portal publico en navegador Google Chrome(file:///Users/diego/Selenium/Trabajo%20Cucumber%20/TrabajoS3_Jara/src/test/java/features/Home.feature:107)
</pre>
</span>
</div>
<div class="test">
<a name="Validar funcion tu elijes como vender CobroQR"></a>
<h3 class="failures">Validar funcion tu elijes como vender CobroQR</h3>
<span class="code">
<pre>java.lang.IllegalStateException: The driver executable does not exist: /Users/diego/Selenium/Trabajo Cucumber /TrabajoS3_Jarasrc/test/resources/driver/chromedriver
	at com.google.common.base.Preconditions.checkState(Preconditions.java:585)
	at org.openqa.selenium.remote.service.DriverService.checkExecutable(DriverService.java:146)
	at org.openqa.selenium.remote.service.DriverService.findExecutable(DriverService.java:141)
	at org.openqa.selenium.chrome.ChromeDriverService.access$000(ChromeDriverService.java:35)
	at org.openqa.selenium.chrome.ChromeDriverService$Builder.findDefaultExecutable(ChromeDriverService.java:159)
	at org.openqa.selenium.remote.service.DriverService$Builder.build(DriverService.java:355)
	at org.openqa.selenium.chrome.ChromeDriverService.createDefaultService(ChromeDriverService.java:94)
	at org.openqa.selenium.chrome.ChromeDriver.&lt;init&gt;(ChromeDriver.java:123)
	at seleniumgluecode.StepDefinitions.Se_abre_portal_publico_navegador_Google_Chrome(StepDefinitions.java:24)
	at ✽.Se abre portal publico en navegador Google Chrome(file:///Users/diego/Selenium/Trabajo%20Cucumber%20/TrabajoS3_Jara/src/test/java/features/Home.feature:65)
</pre>
</span>
</div>
<div class="test">
<a name="Validar funcion tu elijes como vender MobilePos"></a>
<h3 class="failures">Validar funcion tu elijes como vender MobilePos</h3>
<span class="code">
<pre>java.lang.IllegalStateException: The driver executable does not exist: /Users/diego/Selenium/Trabajo Cucumber /TrabajoS3_Jarasrc/test/resources/driver/chromedriver
	at com.google.common.base.Preconditions.checkState(Preconditions.java:585)
	at org.openqa.selenium.remote.service.DriverService.checkExecutable(DriverService.java:146)
	at org.openqa.selenium.remote.service.DriverService.findExecutable(DriverService.java:141)
	at org.openqa.selenium.chrome.ChromeDriverService.access$000(ChromeDriverService.java:35)
	at org.openqa.selenium.chrome.ChromeDriverService$Builder.findDefaultExecutable(ChromeDriverService.java:159)
	at org.openqa.selenium.remote.service.DriverService$Builder.build(DriverService.java:355)
	at org.openqa.selenium.chrome.ChromeDriverService.createDefaultService(ChromeDriverService.java:94)
	at org.openqa.selenium.chrome.ChromeDriver.&lt;init&gt;(ChromeDriver.java:123)
	at seleniumgluecode.StepDefinitions.Se_abre_portal_publico_navegador_Google_Chrome(StepDefinitions.java:24)
	at ✽.Se abre portal publico en navegador Google Chrome(file:///Users/diego/Selenium/Trabajo%20Cucumber%20/TrabajoS3_Jara/src/test/java/features/Home.feature:59)
</pre>
</span>
</div>
<div class="test">
<a name="Validar funcion tu elijes como vender PosMovil"></a>
<h3 class="failures">Validar funcion tu elijes como vender PosMovil</h3>
<span class="code">
<pre>java.lang.IllegalStateException: The driver executable does not exist: /Users/diego/Selenium/Trabajo Cucumber /TrabajoS3_Jarasrc/test/resources/driver/chromedriver
	at com.google.common.base.Preconditions.checkState(Preconditions.java:585)
	at org.openqa.selenium.remote.service.DriverService.checkExecutable(DriverService.java:146)
	at org.openqa.selenium.remote.service.DriverService.findExecutable(DriverService.java:141)
	at org.openqa.selenium.chrome.ChromeDriverService.access$000(ChromeDriverService.java:35)
	at org.openqa.selenium.chrome.ChromeDriverService$Builder.findDefaultExecutable(ChromeDriverService.java:159)
	at org.openqa.selenium.remote.service.DriverService$Builder.build(DriverService.java:355)
	at org.openqa.selenium.chrome.ChromeDriverService.createDefaultService(ChromeDriverService.java:94)
	at org.openqa.selenium.chrome.ChromeDriver.&lt;init&gt;(ChromeDriver.java:123)
	at seleniumgluecode.StepDefinitions.Se_abre_portal_publico_navegador_Google_Chrome(StepDefinitions.java:24)
	at ✽.Se abre portal publico en navegador Google Chrome(file:///Users/diego/Selenium/Trabajo%20Cucumber%20/TrabajoS3_Jara/src/test/java/features/Home.feature:53)
</pre>
</span>
</div>
<div class="test">
<a name="Validar funcion tu elijes como vender Webpay"></a>
<h3 class="failures">Validar funcion tu elijes como vender Webpay</h3>
<span class="code">
<pre>java.lang.IllegalStateException: The driver executable does not exist: /Users/diego/Selenium/Trabajo Cucumber /TrabajoS3_Jarasrc/test/resources/driver/chromedriver
	at com.google.common.base.Preconditions.checkState(Preconditions.java:585)
	at org.openqa.selenium.remote.service.DriverService.checkExecutable(DriverService.java:146)
	at org.openqa.selenium.remote.service.DriverService.findExecutable(DriverService.java:141)
	at org.openqa.selenium.chrome.ChromeDriverService.access$000(ChromeDriverService.java:35)
	at org.openqa.selenium.chrome.ChromeDriverService$Builder.findDefaultExecutable(ChromeDriverService.java:159)
	at org.openqa.selenium.remote.service.DriverService$Builder.build(DriverService.java:355)
	at org.openqa.selenium.chrome.ChromeDriverService.createDefaultService(ChromeDriverService.java:94)
	at org.openqa.selenium.chrome.ChromeDriver.&lt;init&gt;(ChromeDriver.java:123)
	at seleniumgluecode.StepDefinitions.Se_abre_portal_publico_navegador_Google_Chrome(StepDefinitions.java:24)
	at ✽.Se abre portal publico en navegador Google Chrome(file:///Users/diego/Selenium/Trabajo%20Cucumber%20/TrabajoS3_Jara/src/test/java/features/Home.feature:38)
</pre>
</span>
</div>
<div class="test">
<a name="Validar funcion tu elijes como vender WebpayCL"></a>
<h3 class="failures">Validar funcion tu elijes como vender WebpayCL</h3>
<span class="code">
<pre>java.lang.IllegalStateException: The driver executable does not exist: /Users/diego/Selenium/Trabajo Cucumber /TrabajoS3_Jarasrc/test/resources/driver/chromedriver
	at com.google.common.base.Preconditions.checkState(Preconditions.java:585)
	at org.openqa.selenium.remote.service.DriverService.checkExecutable(DriverService.java:146)
	at org.openqa.selenium.remote.service.DriverService.findExecutable(DriverService.java:141)
	at org.openqa.selenium.chrome.ChromeDriverService.access$000(ChromeDriverService.java:35)
	at org.openqa.selenium.chrome.ChromeDriverService$Builder.findDefaultExecutable(ChromeDriverService.java:159)
	at org.openqa.selenium.remote.service.DriverService$Builder.build(DriverService.java:355)
	at org.openqa.selenium.chrome.ChromeDriverService.createDefaultService(ChromeDriverService.java:94)
	at org.openqa.selenium.chrome.ChromeDriver.&lt;init&gt;(ChromeDriver.java:123)
	at seleniumgluecode.StepDefinitions.Se_abre_portal_publico_navegador_Google_Chrome(StepDefinitions.java:24)
	at ✽.Se abre portal publico en navegador Google Chrome(file:///Users/diego/Selenium/Trabajo%20Cucumber%20/TrabajoS3_Jara/src/test/java/features/Home.feature:48)
</pre>
</span>
</div>
<div class="test">
<a name="Validar funcion tu elijes como vender Wix"></a>
<h3 class="failures">Validar funcion tu elijes como vender Wix</h3>
<span class="code">
<pre>java.lang.IllegalStateException: The driver executable does not exist: /Users/diego/Selenium/Trabajo Cucumber /TrabajoS3_Jarasrc/test/resources/driver/chromedriver
	at com.google.common.base.Preconditions.checkState(Preconditions.java:585)
	at org.openqa.selenium.remote.service.DriverService.checkExecutable(DriverService.java:146)
	at org.openqa.selenium.remote.service.DriverService.findExecutable(DriverService.java:141)
	at org.openqa.selenium.chrome.ChromeDriverService.access$000(ChromeDriverService.java:35)
	at org.openqa.selenium.chrome.ChromeDriverService$Builder.findDefaultExecutable(ChromeDriverService.java:159)
	at org.openqa.selenium.remote.service.DriverService$Builder.build(DriverService.java:355)
	at org.openqa.selenium.chrome.ChromeDriverService.createDefaultService(ChromeDriverService.java:94)
	at org.openqa.selenium.chrome.ChromeDriver.&lt;init&gt;(ChromeDriver.java:123)
	at seleniumgluecode.StepDefinitions.Se_abre_portal_publico_navegador_Google_Chrome(StepDefinitions.java:24)
	at ✽.Se abre portal publico en navegador Google Chrome(file:///Users/diego/Selenium/Trabajo%20Cucumber%20/TrabajoS3_Jara/src/test/java/features/Home.feature:43)
</pre>
</span>
</div>
</div>
<div id="tab1" class="tab">
<h2>Tests</h2>
<table>
<thead>
<tr>
<th>Test</th>
<th>Duration</th>
<th>Result</th>
</tr>
</thead>
<tr>
<td class="failures">VValidar funcion Tenemos lo que necesitas Wix</td>
<td class="failures">0.012s</td>
<td class="failures">failed</td>
</tr>
<tr>
<td class="failures">Validar Funcion Banner Home 1</td>
<td class="failures">0.043s</td>
<td class="failures">failed</td>
</tr>
<tr>
<td class="failures">Validar Funcion Banner Home 2</td>
<td class="failures">0.029s</td>
<td class="failures">failed</td>
</tr>
<tr>
<td class="failures">Validar Funcion Banner Home 3</td>
<td class="failures">0.024s</td>
<td class="failures">failed</td>
</tr>
<tr>
<td class="failures">Validar Seccion descarga la app Apple store</td>
<td class="failures">0.038s</td>
<td class="failures">failed</td>
</tr>
<tr>
<td class="failures">Validar Seccion descarga la app google Play</td>
<td class="failures">0.020s</td>
<td class="failures">failed</td>
</tr>
<tr>
<td class="failures">Validar despliegue landing Hero</td>
<td class="failures">0.021s</td>
<td class="failures">failed</td>
</tr>
<tr>
<td class="failures">Validar despliegue seccion Descarga la APP</td>
<td class="failures">0.055s</td>
<td class="failures">failed</td>
</tr>
<tr>
<td class="failures">Validar despliegue seccion Hero</td>
<td class="failures">0.225s</td>
<td class="failures">failed</td>
</tr>
<tr>
<td class="failures">Validar despliegue seccion Lo que tu negocio Necesita</td>
<td class="failures">0.050s</td>
<td class="failures">failed</td>
</tr>
<tr>
<td class="failures">Validar despliegue seccion Tu eliges como vender</td>
<td class="failures">0.041s</td>
<td class="failures">failed</td>
</tr>
<tr>
<td class="failures">Validar funcion Tenemos lo que necesitas MobilePos</td>
<td class="failures">0.015s</td>
<td class="failures">failed</td>
</tr>
<tr>
<td class="failures">Validar funcion Tenemos lo que necesitas PosMovil</td>
<td class="failures">0.018s</td>
<td class="failures">failed</td>
</tr>
<tr>
<td class="failures">Validar funcion Tenemos lo que necesitas WebpayCL</td>
<td class="failures">0.017s</td>
<td class="failures">failed</td>
</tr>
<tr>
<td class="failures">Validar funcion Tenemos lo que necesitas WebpayPlus</td>
<td class="failures">0.026s</td>
<td class="failures">failed</td>
</tr>
<tr>
<td class="failures">Validar funcion tu elijes como vender CobroQR</td>
<td class="failures">0.027s</td>
<td class="failures">failed</td>
</tr>
<tr>
<td class="failures">Validar funcion tu elijes como vender MobilePos</td>
<td class="failures">0.051s</td>
<td class="failures">failed</td>
</tr>
<tr>
<td class="failures">Validar funcion tu elijes como vender PosMovil</td>
<td class="failures">0.041s</td>
<td class="failures">failed</td>
</tr>
<tr>
<td class="failures">Validar funcion tu elijes como vender Webpay</td>
<td class="failures">0.014s</td>
<td class="failures">failed</td>
</tr>
<tr>
<td class="failures">Validar funcion tu elijes como vender WebpayCL</td>
<td class="failures">0.024s</td>
<td class="failures">failed</td>
</tr>
<tr>
<td class="failures">Validar funcion tu elijes como vender Wix</td>
<td class="failures">0.014s</td>
<td class="failures">failed</td>
</tr>
</table>
</div>
</div>
<div id="footer">
<p>
<div>
<label class="hidden" id="label-for-line-wrapping-toggle" for="line-wrapping-toggle">Wrap lines
<input id="line-wrapping-toggle" type="checkbox" autocomplete="off"/>
</label>
</div>Generated by 
<a href="http://www.gradle.org">Gradle 7.4</a> at 9 ene. 2023 14:45:41</p>
</div>
</div>
</body>
</html>
